<?xml version="1.0" encoding="UTF-8"?>
<testng-results ignored="0" total="2" passed="2" failed="0" skipped="0">
  <reporter-output>
  </reporter-output>
  <suite started-at="2024-02-28T10:32:58 IST" name="Suite" finished-at="2024-02-28T10:33:05 IST" duration-ms="6445">
    <groups>
    </groups>
    <test started-at="2024-02-28T10:32:58 IST" name="Test1" finished-at="2024-02-28T10:33:05 IST" duration-ms="6445">
      <class name="DataDriven.Testing.ReadExcel">
        <test-method signature="Login()[pri:0, instance:DataDriven.Testing.ReadExcel@2ddc8ecb]" started-at="2024-02-28T10:32:58 IST" name="Login" finished-at="2024-02-28T10:33:02 IST" duration-ms="3936" status="PASS">
          <reporter-output>
          </reporter-output>
        </test-method> <!-- Login -->
      </class> <!-- DataDriven.Testing.ReadExcel -->
      <class name="DataDriven.Testing.WriteToExcel">
        <test-method signature="Login()[pri:0, instance:DataDriven.Testing.WriteToExcel@4df50bcc]" started-at="2024-02-28T10:33:02 IST" name="Login" finished-at="2024-02-28T10:33:05 IST" duration-ms="2457" status="PASS">
          <reporter-output>
          </reporter-output>
        </test-method> <!-- Login -->
      </class> <!-- DataDriven.Testing.WriteToExcel -->
    </test> <!-- Test1 -->
  </suite> <!-- Suite -->
</testng-results>
