<?xml version="1.0" encoding="UTF-8"?>
<testng-results ignored="0" total="1" passed="1" failed="0" skipped="0">
  <reporter-output>
  </reporter-output>
  <suite started-at="2024-02-27T13:58:03 IST" name="Default suite" finished-at="2024-02-27T13:58:07 IST" duration-ms="4531">
    <groups>
    </groups>
    <test started-at="2024-02-27T13:58:03 IST" name="Default test" finished-at="2024-02-27T13:58:07 IST" duration-ms="4531">
      <class name="DataDriven.Testing.WriteToExcel">
        <test-method signature="Login()[pri:0, instance:DataDriven.Testing.WriteToExcel@26d9b808]" started-at="2024-02-27T13:58:03 IST" name="Login" finished-at="2024-02-27T13:58:07 IST" duration-ms="4471" status="PASS">
          <reporter-output>
          </reporter-output>
        </test-method> <!-- Login -->
      </class> <!-- DataDriven.Testing.WriteToExcel -->
    </test> <!-- Default test -->
  </suite> <!-- Default suite -->
</testng-results>
